2022-02-16 14:57:20,270  INFO [TestNG-test=ChromeTest-2] SauceDemo1:67 - UserName entered
2022-02-16 14:57:20,454  INFO [TestNG-test=ChromeTest-3] SauceDemo1:67 - UserName entered
2022-02-16 14:57:20,477  INFO [TestNG-test=ChromeTest-1] SauceDemo1:67 - UserName entered
2022-02-16 14:57:20,587  INFO [TestNG-test=ChromeTest-2] SauceDemo1:70 - Password Entered
2022-02-16 14:57:20,901  INFO [TestNG-test=ChromeTest-2] SauceDemo1:74 - clicked on login button
2022-02-16 14:57:21,319  INFO [TestNG-test=ChromeTest-3] SauceDemo1:70 - Password Entered
2022-02-16 14:57:21,432  INFO [TestNG-test=ChromeTest-1] SauceDemo1:70 - Password Entered
2022-02-16 14:57:21,508  INFO [TestNG-test=ChromeTest-2] SauceDemo1:42 - LogOut test executed
2022-02-16 14:57:21,890  INFO [TestNG-test=ChromeTest-1] SauceDemo1:74 - clicked on login button
2022-02-16 14:57:21,898  INFO [TestNG-test=ChromeTest-1] SauceDemo1:40 - Login test executed
2022-02-16 14:57:22,198  INFO [TestNG-test=ChromeTest-3] SauceDemo1:74 - clicked on login button
2022-02-16 14:57:25,821  INFO [TestNG-test=ChromeTest-3] SauceDemo1:39 - Add to cart test executed
2022-02-17 14:10:03,037  INFO [TestNG-test=ChromeTest-3] SauceDemo1:67 - UserName entered
2022-02-17 14:10:03,162  INFO [TestNG-test=ChromeTest-3] SauceDemo1:70 - Password Entered
2022-02-17 14:10:03,302  INFO [TestNG-test=ChromeTest-3] SauceDemo1:74 - clicked on login button
2022-02-17 14:10:04,302  INFO [TestNG-test=ChromeTest-1] SauceDemo1:67 - UserName entered
2022-02-17 14:10:04,480  INFO [TestNG-test=ChromeTest-1] SauceDemo1:70 - Password Entered
2022-02-17 14:10:04,659  INFO [TestNG-test=ChromeTest-1] SauceDemo1:74 - clicked on login button
2022-02-17 14:10:04,671  INFO [TestNG-test=ChromeTest-1] SauceDemo1:43 - Login test executed
2022-02-17 14:10:06,693  INFO [TestNG-test=ChromeTest-3] SauceDemo1:40 - Add to cart test executed
2022-02-17 14:10:08,516  INFO [TestNG-test=ChromeTest-2] SauceDemo1:67 - UserName entered
2022-02-17 14:10:08,612  INFO [TestNG-test=ChromeTest-2] SauceDemo1:70 - Password Entered
2022-02-17 14:10:08,731  INFO [TestNG-test=ChromeTest-2] SauceDemo1:74 - clicked on login button
2022-02-17 14:10:08,951  INFO [TestNG-test=ChromeTest-2] SauceDemo1:45 - LogOut test executed
2022-02-17 14:14:57,770  INFO [TestNG-test=ChromeTest-3] SauceDemo1:67 - UserName entered
2022-02-17 14:14:57,898  INFO [TestNG-test=ChromeTest-3] SauceDemo1:70 - Password Entered
2022-02-17 14:14:58,041  INFO [TestNG-test=ChromeTest-3] SauceDemo1:74 - clicked on login button
2022-02-17 14:15:02,363  INFO [TestNG-test=ChromeTest-1] SauceDemo1:67 - UserName entered
2022-02-17 14:15:02,451  INFO [TestNG-test=ChromeTest-1] SauceDemo1:70 - Password Entered
2022-02-17 14:15:02,559  INFO [TestNG-test=ChromeTest-1] SauceDemo1:74 - clicked on login button
2022-02-17 14:15:02,562  INFO [TestNG-test=ChromeTest-1] SauceDemo1:43 - Login test executed
2022-02-17 14:15:09,468  INFO [TestNG-test=ChromeTest-2] SauceDemo1:67 - UserName entered
2022-02-17 14:15:09,577  INFO [TestNG-test=ChromeTest-2] SauceDemo1:70 - Password Entered
2022-02-17 14:15:09,684  INFO [TestNG-test=ChromeTest-2] SauceDemo1:74 - clicked on login button
2022-02-17 14:15:09,917  INFO [TestNG-test=ChromeTest-2] SauceDemo1:45 - LogOut test executed
2022-02-17 14:17:04,068  INFO [TestNG-test=ChromeTest-2] SauceDemo1:67 - UserName entered
2022-02-17 14:17:04,232  INFO [TestNG-test=ChromeTest-2] SauceDemo1:70 - Password Entered
2022-02-17 14:17:04,375  INFO [TestNG-test=ChromeTest-3] SauceDemo1:67 - UserName entered
2022-02-17 14:17:04,406  INFO [TestNG-test=ChromeTest-2] SauceDemo1:74 - clicked on login button
2022-02-17 14:17:04,535  INFO [TestNG-test=ChromeTest-3] SauceDemo1:70 - Password Entered
2022-02-17 14:17:04,686  INFO [TestNG-test=ChromeTest-2] SauceDemo1:45 - LogOut test executed
2022-02-17 14:17:04,750  INFO [TestNG-test=ChromeTest-3] SauceDemo1:74 - clicked on login button
2022-02-17 14:17:05,437  INFO [TestNG-test=ChromeTest-1] SauceDemo1:67 - UserName entered
2022-02-17 14:17:05,539  INFO [TestNG-test=ChromeTest-1] SauceDemo1:70 - Password Entered
2022-02-17 14:17:05,673  INFO [TestNG-test=ChromeTest-1] SauceDemo1:74 - clicked on login button
2022-02-17 14:17:05,675  INFO [TestNG-test=ChromeTest-1] SauceDemo1:43 - Login test executed
2022-02-17 14:17:08,207  INFO [TestNG-test=ChromeTest-3] SauceDemo1:40 - Add to cart test executed
2022-02-17 14:31:48,592  INFO [TestNG-test=ChromeTest-1] SauceDemo1:67 - UserName entered
2022-02-17 14:31:48,801  INFO [TestNG-test=ChromeTest-3] SauceDemo1:67 - UserName entered
2022-02-17 14:31:48,823  INFO [TestNG-test=ChromeTest-1] SauceDemo1:70 - Password Entered
2022-02-17 14:31:48,937  INFO [TestNG-test=ChromeTest-3] SauceDemo1:70 - Password Entered
2022-02-17 14:31:48,985  INFO [TestNG-test=ChromeTest-1] SauceDemo1:74 - clicked on login button
2022-02-17 14:31:48,996  INFO [TestNG-test=ChromeTest-1] SauceDemo1:43 - Login test executed
2022-02-17 14:31:49,130  INFO [TestNG-test=ChromeTest-3] SauceDemo1:74 - clicked on login button
2022-02-17 14:31:52,498  INFO [TestNG-test=ChromeTest-3] SauceDemo1:40 - Add to cart test executed
2022-02-17 14:31:53,815  INFO [TestNG-test=ChromeTest-2] SauceDemo1:67 - UserName entered
2022-02-17 14:31:53,917  INFO [TestNG-test=ChromeTest-2] SauceDemo1:70 - Password Entered
2022-02-17 14:31:54,015  INFO [TestNG-test=ChromeTest-2] SauceDemo1:74 - clicked on login button
2022-02-17 14:31:54,230  INFO [TestNG-test=ChromeTest-2] SauceDemo1:45 - LogOut test executed
